<?xml version="1.0" encoding="utf-8"?>
<CoverageSession>
  <Summary numSequencePoints="43" visitedSequencePoints="41" numBranchPoints="4" visitedBranchPoints="3" sequenceCoverage="95.34" branchCoverage="75" maxCyclomaticComplexity="5" minCyclomaticComplexity="0" visitedClasses="2" numClasses="2" visitedMethods="2" numMethods="2" />
  <Modules>
    <Module hash="4F5A3011-81DB-49ED-89F6-F720B3E8CDD3">
      <ModulePath>Core.dll</ModulePath>
      <ModuleTime>2023-06-11T08:31:28</ModuleTime>
      <ModuleName>Core</ModuleName>
      <Files />
      <Classes />
    </Module>
    <Module hash="397631D2-644F-4709-9CCF-BE5AB0F7FC72">
      <ModulePath>Models.dll</ModulePath>
      <ModuleTime>2023-06-11T08:31:28</ModuleTime>
      <ModuleName>Models</ModuleName>
      <Files />
      <Classes />
    </Module>
    <Module hash="787D7348-E607-4BD3-9E4D-6F07E1BB0E85">
      <ModulePath>RabbitProducer.dll</ModulePath>
      <ModuleTime>2023-06-11T08:31:28</ModuleTime>
      <ModuleName>RabbitProducer</ModuleName>
      <Files>
        <File uid="1" fullPath="C:\Projects\akakce\rabbitmqdemo\src\RabbitProducer\Worker.cs" />
      </Files>
      <Classes>
        <Class>
          <Summary numSequencePoints="13" visitedSequencePoints="13" numBranchPoints="0" visitedBranchPoints="0" sequenceCoverage="100" branchCoverage="100" maxCyclomaticComplexity="1" minCyclomaticComplexity="1" visitedClasses="1" numClasses="1" visitedMethods="1" numMethods="1" />
          <FullName>RabbitProducer.Worker</FullName>
          <Methods>
            <Method cyclomaticComplexity="1" nPathComplexity="1" sequenceCoverage="100" branchCoverage="100" isConstructor="True" isGetter="False" isSetter="False" isStatic="True">
              <Summary numSequencePoints="13" visitedSequencePoints="13" numBranchPoints="0" visitedBranchPoints="0" sequenceCoverage="100" branchCoverage="100" maxCyclomaticComplexity="1" minCyclomaticComplexity="1" visitedClasses="0" numClasses="0" visitedMethods="1" numMethods="1" />
              <MetadataToken />
              <Name>System.Void RabbitProducer.Worker::.ctor(Microsoft.Extensions.Logging.ILogger`1&lt;RabbitProducer.Worker&gt;,System.Net.Http.HttpClient,Microsoft.Extensions.Options.IOptions`1&lt;Models.RabbitMQSettings&gt;,RabbitMQ.Client.IConnection,System.Collections.Generic.List`1&lt;System.String&gt;)</Name>
              <FileRef uid="1" />
              <SequencePoints>
                <SequencePoint vc="1" uspid="20" ordinal="0" sl="20" sc="1" el="20" ec="2" bec="0" bev="0" fileid="1" />
                <SequencePoint vc="1" uspid="21" ordinal="1" sl="21" sc="1" el="21" ec="2" bec="0" bev="0" fileid="1" />
                <SequencePoint vc="1" uspid="22" ordinal="2" sl="22" sc="1" el="22" ec="2" bec="0" bev="0" fileid="1" />
                <SequencePoint vc="1" uspid="23" ordinal="3" sl="23" sc="1" el="23" ec="2" bec="0" bev="0" fileid="1" />
                <SequencePoint vc="1" uspid="24" ordinal="4" sl="24" sc="1" el="24" ec="2" bec="0" bev="0" fileid="1" />
                <SequencePoint vc="1" uspid="25" ordinal="5" sl="25" sc="1" el="25" ec="2" bec="0" bev="0" fileid="1" />
                <SequencePoint vc="1" uspid="26" ordinal="6" sl="26" sc="1" el="26" ec="2" bec="0" bev="0" fileid="1" />
                <SequencePoint vc="1" uspid="28" ordinal="7" sl="28" sc="1" el="28" ec="2" bec="0" bev="0" fileid="1" />
                <SequencePoint vc="1" uspid="29" ordinal="8" sl="29" sc="1" el="29" ec="2" bec="0" bev="0" fileid="1" />
                <SequencePoint vc="1" uspid="30" ordinal="9" sl="30" sc="1" el="30" ec="2" bec="0" bev="0" fileid="1" />
                <SequencePoint vc="1" uspid="31" ordinal="10" sl="31" sc="1" el="31" ec="2" bec="0" bev="0" fileid="1" />
                <SequencePoint vc="1" uspid="32" ordinal="11" sl="32" sc="1" el="32" ec="2" bec="0" bev="0" fileid="1" />
                <SequencePoint vc="1" uspid="33" ordinal="12" sl="33" sc="1" el="33" ec="2" bec="0" bev="0" fileid="1" />
              </SequencePoints>
              <BranchPoints />
              <MethodPoint vc="13" uspid="0" p8:type="SequencePoint" ordinal="0" offset="0" sc="0" sl="20" ec="1" el="33" bec="0" bev="0" fileid="1" xmlns:p8="xsi" />
            </Method>
          </Methods>
        </Class>
        <Class>
          <Summary numSequencePoints="30" visitedSequencePoints="28" numBranchPoints="4" visitedBranchPoints="3" sequenceCoverage="93.33" branchCoverage="75" maxCyclomaticComplexity="4" minCyclomaticComplexity="4" visitedClasses="1" numClasses="1" visitedMethods="1" numMethods="1" />
          <FullName>RabbitProducer.Worker/&lt;ExecuteAsync&gt;d__6</FullName>
          <Methods>
            <Method cyclomaticComplexity="4" nPathComplexity="4" sequenceCoverage="93.33" branchCoverage="75" isConstructor="False" isGetter="False" isSetter="False" isStatic="True">
              <Summary numSequencePoints="30" visitedSequencePoints="28" numBranchPoints="4" visitedBranchPoints="3" sequenceCoverage="93.33" branchCoverage="75" maxCyclomaticComplexity="4" minCyclomaticComplexity="4" visitedClasses="0" numClasses="0" visitedMethods="1" numMethods="1" />
              <MetadataToken />
              <Name>System.Void RabbitProducer.Worker/&lt;ExecuteAsync&gt;d__6::MoveNext()</Name>
              <FileRef uid="1" />
              <SequencePoints>
                <SequencePoint vc="1" uspid="36" ordinal="0" sl="36" sc="1" el="36" ec="2" bec="0" bev="0" fileid="1" />
                <SequencePoint vc="1" uspid="37" ordinal="1" sl="37" sc="1" el="37" ec="2" bec="2" bev="1" fileid="1" />
                <SequencePoint vc="1" uspid="38" ordinal="2" sl="38" sc="1" el="38" ec="2" bec="0" bev="0" fileid="1" />
                <SequencePoint vc="1" uspid="39" ordinal="3" sl="39" sc="1" el="39" ec="2" bec="0" bev="0" fileid="1" />
                <SequencePoint vc="1" uspid="41" ordinal="4" sl="41" sc="1" el="41" ec="2" bec="0" bev="0" fileid="1" />
                <SequencePoint vc="7" uspid="43" ordinal="5" sl="43" sc="1" el="43" ec="2" bec="2" bev="2" fileid="1" />
                <SequencePoint vc="2" uspid="44" ordinal="6" sl="44" sc="1" el="44" ec="2" bec="0" bev="0" fileid="1" />
                <SequencePoint vc="2" uspid="46" ordinal="7" sl="46" sc="1" el="46" ec="2" bec="0" bev="0" fileid="1" />
                <SequencePoint vc="2" uspid="47" ordinal="8" sl="47" sc="1" el="47" ec="2" bec="0" bev="0" fileid="1" />
                <SequencePoint vc="1" uspid="49" ordinal="9" sl="49" sc="1" el="49" ec="2" bec="0" bev="0" fileid="1" />
                <SequencePoint vc="1" uspid="50" ordinal="10" sl="50" sc="1" el="50" ec="2" bec="0" bev="0" fileid="1" />
                <SequencePoint vc="1" uspid="51" ordinal="11" sl="51" sc="1" el="51" ec="2" bec="0" bev="0" fileid="1" />
                <SequencePoint vc="1" uspid="52" ordinal="12" sl="52" sc="1" el="52" ec="2" bec="0" bev="0" fileid="1" />
                <SequencePoint vc="1" uspid="53" ordinal="13" sl="53" sc="1" el="53" ec="2" bec="0" bev="0" fileid="1" />
                <SequencePoint vc="1" uspid="54" ordinal="14" sl="54" sc="1" el="54" ec="2" bec="0" bev="0" fileid="1" />
                <SequencePoint vc="1" uspid="56" ordinal="15" sl="56" sc="1" el="56" ec="2" bec="0" bev="0" fileid="1" />
                <SequencePoint vc="1" uspid="58" ordinal="16" sl="58" sc="1" el="58" ec="2" bec="0" bev="0" fileid="1" />
                <SequencePoint vc="1" uspid="59" ordinal="17" sl="59" sc="1" el="59" ec="2" bec="0" bev="0" fileid="1" />
                <SequencePoint vc="1" uspid="60" ordinal="18" sl="60" sc="1" el="60" ec="2" bec="0" bev="0" fileid="1" />
                <SequencePoint vc="1" uspid="61" ordinal="19" sl="61" sc="1" el="61" ec="2" bec="0" bev="0" fileid="1" />
                <SequencePoint vc="1" uspid="63" ordinal="20" sl="63" sc="1" el="63" ec="2" bec="0" bev="0" fileid="1" />
                <SequencePoint vc="1" uspid="64" ordinal="21" sl="64" sc="1" el="64" ec="2" bec="0" bev="0" fileid="1" />
                <SequencePoint vc="1" uspid="65" ordinal="22" sl="65" sc="1" el="65" ec="2" bec="0" bev="0" fileid="1" />
                <SequencePoint vc="1" uspid="66" ordinal="23" sl="66" sc="1" el="66" ec="2" bec="0" bev="0" fileid="1" />
                <SequencePoint vc="1" uspid="67" ordinal="24" sl="67" sc="1" el="67" ec="2" bec="0" bev="0" fileid="1" />
                <SequencePoint vc="1" uspid="68" ordinal="25" sl="68" sc="1" el="68" ec="2" bec="0" bev="0" fileid="1" />
                <SequencePoint vc="2" uspid="69" ordinal="26" sl="69" sc="1" el="69" ec="2" bec="0" bev="0" fileid="1" />
                <SequencePoint vc="1" uspid="71" ordinal="27" sl="71" sc="1" el="71" ec="2" bec="0" bev="0" fileid="1" />
                <SequencePoint vc="0" uspid="72" ordinal="28" sl="72" sc="1" el="72" ec="2" bec="0" bev="0" fileid="1" />
                <SequencePoint vc="0" uspid="73" ordinal="29" sl="73" sc="1" el="73" ec="2" bec="0" bev="0" fileid="1" />
              </SequencePoints>
              <BranchPoints>
                <BranchPoint vc="1" uspid="37" ordinal="3" path="1" offset="715" offsetend="31" sl="37" fileid="1" />
                <BranchPoint vc="2" uspid="43" ordinal="1" path="1" offset="541" offsetend="120" sl="43" fileid="1" />
                <BranchPoint vc="1" uspid="43" ordinal="0" path="0" offset="541" offsetend="546" sl="43" fileid="1" />
                <BranchPoint vc="0" uspid="37" ordinal="2" path="0" offset="715" offsetend="720" sl="37" fileid="1" />
              </BranchPoints>
              <MethodPoint vc="28" uspid="0" p8:type="SequencePoint" ordinal="0" offset="0" sc="0" sl="36" ec="1" el="73" bec="0" bev="0" fileid="1" xmlns:p8="xsi" />
            </Method>
          </Methods>
        </Class>
      </Classes>
    </Module>
  </Modules>
</CoverageSession>